<?xml version="1.0" encoding="UTF-8"?>
<!-- Generated by org.testng.reporters.JUnitReportReporter -->
<testsuite skipped="0" hostname="DESKTOP-IDVN4U2" name="demo.SauceDemoAutomation" tests="1" failures="0" timestamp="2023-06-14T23:48:23 IST" time="12.925" errors="0">
  <testcase name="saucedemoAutomationTest" time="12.925" classname="demo.SauceDemoAutomation"/>
  <system-out/>
</testsuite> <!-- demo.SauceDemoAutomation -->
